
  .   ____          _            __ _ _
 /\\ / ___'_ __ _ _(_)_ __  __ _ \ \ \ \
( ( )\___ | '_ | '_| | '_ \/ _` | \ \ \ \
 \\/  ___)| |_)| | | | | || (_| |  ) ) ) )
  '  |____| .__|_| |_|_| |_\__, | / / / /
 =========|_|==============|___/=/_/_/_/
 :: Spring Boot ::               (v2.6.13)

2025-08-23 01:41:52.323  INFO 25568 --- [           main] c.w.nowplaying.NowPlayingApplication     : Starting NowPlayingApplication using Java 11.0.28 on MS-WIIGFNNOHZOS with PID 25568 (C:\Users\Administrator\AppData\Local\Temp\e4jB44D.tmp_dir1755884511\now-playing-0.0.1-SNAPSHOT.jar started by Administrator in D:\Now Playing)
2025-08-23 01:41:52.325  INFO 25568 --- [           main] c.w.nowplaying.NowPlayingApplication     : No active profile set, falling back to 1 default profile: "default"
2025-08-23 01:41:53.304  INFO 25568 --- [           main] o.s.b.w.embedded.tomcat.TomcatWebServer  : Tomcat initialized with port(s): 9863 (http)
2025-08-23 01:41:53.313  INFO 25568 --- [           main] o.apache.catalina.core.StandardService   : Starting service [Tomcat]
2025-08-23 01:41:53.313  INFO 25568 --- [           main] org.apache.catalina.core.StandardEngine  : Starting Servlet engine: [Apache Tomcat/9.0.68]
2025-08-23 01:41:53.363  INFO 25568 --- [           main] o.a.c.c.C.[Tomcat].[localhost].[/]       : Initializing Spring embedded WebApplicationContext
2025-08-23 01:41:53.363  INFO 25568 --- [           main] w.s.c.ServletWebServerApplicationContext : Root WebApplicationContext: initialization completed in 1010 ms
2025-08-23 01:41:53.491  INFO 25568 --- [           main] c.w.nowplaying.service.AudioService      : 启动 C# 进程读取音乐状态
2025-08-23 01:41:53.713  INFO 25568 --- [           main] o.s.b.w.embedded.tomcat.TomcatWebServer  : Tomcat started on port(s): 9863 (http) with context path ''
2025-08-23 01:41:53.719  INFO 25568 --- [           main] c.w.nowplaying.NowPlayingApplication     : Started NowPlayingApplication in 1.656 seconds (JVM running for 1.856)
2025-08-23 01:41:53.763  INFO 25568 --- [nio-9863-exec-1] o.a.c.c.C.[Tomcat].[localhost].[/]       : Initializing Spring DispatcherServlet 'dispatcherServlet'
2025-08-23 01:41:53.763  INFO 25568 --- [nio-9863-exec-1] o.s.web.servlet.DispatcherServlet        : Initializing Servlet 'dispatcherServlet'
2025-08-23 01:41:53.764  INFO 25568 --- [nio-9863-exec-1] o.s.web.servlet.DispatcherServlet        : Completed initialization in 1 ms
2025-08-23 01:41:55.571  INFO 25568 --- [nio-9863-exec-3] c.w.nowplaying.service.SettingsService   : 修改通用设置成功
2025-08-23 01:41:55.572  INFO 25568 --- [nio-9863-exec-3] c.w.nowplaying.service.AudioService      : 终止 C# 进程读取音乐状态
2025-08-23 01:41:55.574  INFO 25568 --- [nio-9863-exec-3] c.w.nowplaying.service.AudioService      : 启动 C# 进程读取音乐状态
2025-08-23 01:41:56.027  INFO 25568 --- [nio-9863-exec-2] c.w.nowplaying.service.SettingsService   : 修改通用设置成功
2025-08-23 01:41:56.027  INFO 25568 --- [nio-9863-exec-2] c.w.nowplaying.service.AudioService      : 终止 C# 进程读取音乐状态
2025-08-23 01:41:56.028  INFO 25568 --- [nio-9863-exec-2] c.w.nowplaying.service.AudioService      : 启动 C# 进程读取音乐状态
2025-08-23 01:41:57.007  INFO 25568 --- [   scheduling-1] c.w.n.service.NowPlayingService          : 切换歌曲为：All Time Low -
2025-08-23 01:41:57.007  INFO 25568 --- [   scheduling-1] c.w.n.service.NowPlayingService          : 当前平台为：Apple Music，借用网易云音乐搜索
2025-08-23 01:41:57.007  INFO 25568 --- [   scheduling-1] c.w.n.s.netease.NeteaseMusicService      : 获取网易云音乐歌曲信息..
2025-08-23 01:41:57.541  INFO 25568 --- [   scheduling-1] c.w.n.s.netease.NeteaseMusicService      : 获取成功
2025-08-23 01:42:02.715  INFO 25568 --- [io-9863-exec-10] c.w.nowplaying.service.SettingsService   : 修改通用设置成功
2025-08-23 01:42:02.715  INFO 25568 --- [io-9863-exec-10] c.w.nowplaying.service.AudioService      : 终止 C# 进程读取音乐状态
2025-08-23 01:42:02.717  INFO 25568 --- [io-9863-exec-10] c.w.nowplaying.service.AudioService      : 启动 C# 进程读取音乐状态
2025-08-23 01:43:58.711  INFO 25568 --- [nio-9863-exec-9] c.w.nowplaying.service.SettingsService   : 修改通用设置成功
2025-08-23 01:43:58.711  INFO 25568 --- [nio-9863-exec-9] c.w.nowplaying.service.AudioService      : 终止 C# 进程读取音乐状态
2025-08-23 01:43:58.713  INFO 25568 --- [nio-9863-exec-9] c.w.nowplaying.service.AudioService      : 启动 C# 进程读取音乐状态
2025-08-23 01:43:59.005  INFO 25568 --- [   scheduling-1] c.w.n.service.NowPlayingService          : 切换歌曲为：有趣 - 单依纯 — 有趣 - Single
2025-08-23 01:43:59.005  INFO 25568 --- [   scheduling-1] c.w.n.service.NowPlayingService          : 当前平台为：Apple Music，借用网易云音乐搜索
2025-08-23 01:43:59.005  INFO 25568 --- [   scheduling-1] c.w.n.s.netease.NeteaseMusicService      : 获取网易云音乐歌曲信息..
2025-08-23 01:43:59.352  INFO 25568 --- [   scheduling-1] c.w.n.s.netease.NeteaseMusicService      : 获取成功
2025-08-23 01:44:00.007  INFO 25568 --- [   scheduling-1] c.w.n.service.NowPlayingService          : 切换歌曲为：有趣 - 单依纯 — 有趣 - Single
2025-08-23 01:44:00.007  INFO 25568 --- [   scheduling-1] c.w.n.service.NowPlayingService          : 当前平台为：Apple Music，借用网易云音乐搜索
2025-08-23 01:44:00.007  INFO 25568 --- [   scheduling-1] c.w.n.s.netease.NeteaseMusicService      : 获取网易云音乐歌曲信息..
2025-08-23 01:44:00.284  INFO 25568 --- [   scheduling-1] c.w.n.s.netease.NeteaseMusicService      : 获取成功
2025-08-23 01:44:01.014  INFO 25568 --- [   scheduling-1] c.w.n.service.NowPlayingService          : 切换歌曲为：有趣 - 单依纯 — 有趣 - Single
2025-08-23 01:44:01.014  INFO 25568 --- [   scheduling-1] c.w.n.service.NowPlayingService          : 当前平台为：Apple Music，借用网易云音乐搜索
2025-08-23 01:44:01.014  INFO 25568 --- [   scheduling-1] c.w.n.s.netease.NeteaseMusicService      : 获取网易云音乐歌曲信息..
2025-08-23 01:44:01.275  INFO 25568 --- [   scheduling-1] c.w.n.s.netease.NeteaseMusicService      : 获取成功
2025-08-23 01:44:02.015  INFO 25568 --- [   scheduling-1] c.w.n.service.NowPlayingService          : 切换歌曲为：有趣 - 单依纯 — 有趣 - Single
2025-08-23 01:44:02.015  INFO 25568 --- [   scheduling-1] c.w.n.service.NowPlayingService          : 当前平台为：Apple Music，借用网易云音乐搜索
2025-08-23 01:44:02.015  INFO 25568 --- [   scheduling-1] c.w.n.s.netease.NeteaseMusicService      : 获取网易云音乐歌曲信息..
2025-08-23 01:44:02.275  INFO 25568 --- [   scheduling-1] c.w.n.s.netease.NeteaseMusicService      : 获取成功
2025-08-23 01:44:03.015  INFO 25568 --- [   scheduling-1] c.w.n.service.NowPlayingService          : 切换歌曲为：有趣 - 单依纯 — 有趣 - Single
2025-08-23 01:44:03.015  INFO 25568 --- [   scheduling-1] c.w.n.service.NowPlayingService          : 当前平台为：Apple Music，借用网易云音乐搜索
2025-08-23 01:44:03.015  INFO 25568 --- [   scheduling-1] c.w.n.s.netease.NeteaseMusicService      : 获取网易云音乐歌曲信息..
2025-08-23 01:44:03.273  INFO 25568 --- [   scheduling-1] c.w.n.s.netease.NeteaseMusicService      : 获取成功
2025-08-23 01:44:04.014  INFO 25568 --- [   scheduling-1] c.w.n.service.NowPlayingService          : 切换歌曲为：有趣 - 单依纯 — 有趣 - Single
2025-08-23 01:44:04.014  INFO 25568 --- [   scheduling-1] c.w.n.service.NowPlayingService          : 当前平台为：Apple Music，借用网易云音乐搜索
2025-08-23 01:44:04.014  INFO 25568 --- [   scheduling-1] c.w.n.s.netease.NeteaseMusicService      : 获取网易云音乐歌曲信息..
2025-08-23 01:44:04.273  INFO 25568 --- [   scheduling-1] c.w.n.s.netease.NeteaseMusicService      : 获取成功
2025-08-23 01:44:05.017  INFO 25568 --- [   scheduling-1] c.w.n.service.NowPlayingService          : 切换歌曲为：有趣 - 单依纯 — 有趣 - Single
2025-08-23 01:44:05.017  INFO 25568 --- [   scheduling-1] c.w.n.service.NowPlayingService          : 当前平台为：Apple Music，借用网易云音乐搜索
2025-08-23 01:44:05.017  INFO 25568 --- [   scheduling-1] c.w.n.s.netease.NeteaseMusicService      : 获取网易云音乐歌曲信息..
2025-08-23 01:44:05.282  INFO 25568 --- [   scheduling-1] c.w.n.s.netease.NeteaseMusicService      : 获取成功
2025-08-23 01:44:06.001  INFO 25568 --- [   scheduling-1] c.w.n.service.NowPlayingService          : 切换歌曲为：有趣 - 单依纯 — 有趣 - Single
2025-08-23 01:44:06.001  INFO 25568 --- [   scheduling-1] c.w.n.service.NowPlayingService          : 当前平台为：Apple Music，借用网易云音乐搜索
2025-08-23 01:44:06.001  INFO 25568 --- [   scheduling-1] c.w.n.s.netease.NeteaseMusicService      : 获取网易云音乐歌曲信息..
2025-08-23 01:44:06.280  INFO 25568 --- [   scheduling-1] c.w.n.s.netease.NeteaseMusicService      : 获取成功
2025-08-23 01:44:07.002  INFO 25568 --- [   scheduling-1] c.w.n.service.NowPlayingService          : 切换歌曲为：有趣 - 单依纯 — 有趣 - Single
2025-08-23 01:44:07.002  INFO 25568 --- [   scheduling-1] c.w.n.service.NowPlayingService          : 当前平台为：Apple Music，借用网易云音乐搜索
2025-08-23 01:44:07.002  INFO 25568 --- [   scheduling-1] c.w.n.s.netease.NeteaseMusicService      : 获取网易云音乐歌曲信息..
2025-08-23 01:44:07.280  INFO 25568 --- [   scheduling-1] c.w.n.s.netease.NeteaseMusicService      : 获取成功
2025-08-23 01:44:08.003  INFO 25568 --- [   scheduling-1] c.w.n.service.NowPlayingService          : 切换歌曲为：有趣 - 单依纯 — 有趣 - Single
2025-08-23 01:44:08.003  INFO 25568 --- [   scheduling-1] c.w.n.service.NowPlayingService          : 当前平台为：Apple Music，借用网易云音乐搜索
2025-08-23 01:44:08.003  INFO 25568 --- [   scheduling-1] c.w.n.s.netease.NeteaseMusicService      : 获取网易云音乐歌曲信息..
2025-08-23 01:44:08.280  INFO 25568 --- [   scheduling-1] c.w.n.s.netease.NeteaseMusicService      : 获取成功
2025-08-23 01:44:09.004  INFO 25568 --- [   scheduling-1] c.w.n.service.NowPlayingService          : 切换歌曲为：有趣 - 单依纯 — 有趣 - Single
2025-08-23 01:44:09.004  INFO 25568 --- [   scheduling-1] c.w.n.service.NowPlayingService          : 当前平台为：Apple Music，借用网易云音乐搜索
2025-08-23 01:44:09.004  INFO 25568 --- [   scheduling-1] c.w.n.s.netease.NeteaseMusicService      : 获取网易云音乐歌曲信息..
2025-08-23 01:44:09.257  INFO 25568 --- [   scheduling-1] c.w.n.s.netease.NeteaseMusicService      : 获取成功
2025-08-23 01:44:10.005  INFO 25568 --- [   scheduling-1] c.w.n.service.NowPlayingService          : 切换歌曲为：有趣 - 单依纯 — 有趣 - Single
2025-08-23 01:44:10.005  INFO 25568 --- [   scheduling-1] c.w.n.service.NowPlayingService          : 当前平台为：Apple Music，借用网易云音乐搜索
2025-08-23 01:44:10.005  INFO 25568 --- [   scheduling-1] c.w.n.s.netease.NeteaseMusicService      : 获取网易云音乐歌曲信息..
2025-08-23 01:44:10.322  INFO 25568 --- [   scheduling-1] c.w.n.s.netease.NeteaseMusicService      : 获取成功
2025-08-23 01:44:11.003  INFO 25568 --- [   scheduling-1] c.w.n.service.NowPlayingService          : 切换歌曲为：有趣 - 单依纯 — 有趣 - Single
2025-08-23 01:44:11.003  INFO 25568 --- [   scheduling-1] c.w.n.service.NowPlayingService          : 当前平台为：Apple Music，借用网易云音乐搜索
2025-08-23 01:44:11.003  INFO 25568 --- [   scheduling-1] c.w.n.s.netease.NeteaseMusicService      : 获取网易云音乐歌曲信息..
2025-08-23 01:44:11.271  INFO 25568 --- [   scheduling-1] c.w.n.s.netease.NeteaseMusicService      : 获取成功
2025-08-23 01:44:12.006  INFO 25568 --- [   scheduling-1] c.w.n.service.NowPlayingService          : 切换歌曲为：有趣 - 单依纯 — 有趣 - Single
2025-08-23 01:44:12.006  INFO 25568 --- [   scheduling-1] c.w.n.service.NowPlayingService          : 当前平台为：Apple Music，借用网易云音乐搜索
2025-08-23 01:44:12.006  INFO 25568 --- [   scheduling-1] c.w.n.s.netease.NeteaseMusicService      : 获取网易云音乐歌曲信息..
2025-08-23 01:44:12.259  INFO 25568 --- [   scheduling-1] c.w.n.s.netease.NeteaseMusicService      : 获取成功
2025-08-23 01:44:13.004  INFO 25568 --- [   scheduling-1] c.w.n.service.NowPlayingService          : 切换歌曲为：有趣 - 单依纯 — 有趣 - Single
2025-08-23 01:44:13.004  INFO 25568 --- [   scheduling-1] c.w.n.service.NowPlayingService          : 当前平台为：Apple Music，借用网易云音乐搜索
2025-08-23 01:44:13.004  INFO 25568 --- [   scheduling-1] c.w.n.s.netease.NeteaseMusicService      : 获取网易云音乐歌曲信息..
2025-08-23 01:44:13.276  INFO 25568 --- [   scheduling-1] c.w.n.s.netease.NeteaseMusicService      : 获取成功
2025-08-23 01:44:14.002  INFO 25568 --- [   scheduling-1] c.w.n.service.NowPlayingService          : 切换歌曲为：有趣 - 单依纯 — 有趣 - Single
2025-08-23 01:44:14.002  INFO 25568 --- [   scheduling-1] c.w.n.service.NowPlayingService          : 当前平台为：Apple Music，借用网易云音乐搜索
2025-08-23 01:44:14.002  INFO 25568 --- [   scheduling-1] c.w.n.s.netease.NeteaseMusicService      : 获取网易云音乐歌曲信息..
2025-08-23 01:44:14.274  INFO 25568 --- [   scheduling-1] c.w.n.s.netease.NeteaseMusicService      : 获取成功
2025-08-23 01:44:15.013  INFO 25568 --- [   scheduling-1] c.w.n.service.NowPlayingService          : 切换歌曲为：有趣 - 单依纯 — 有趣 - Single
2025-08-23 01:44:15.013  INFO 25568 --- [   scheduling-1] c.w.n.service.NowPlayingService          : 当前平台为：Apple Music，借用网易云音乐搜索
2025-08-23 01:44:15.013  INFO 25568 --- [   scheduling-1] c.w.n.s.netease.NeteaseMusicService      : 获取网易云音乐歌曲信息..
2025-08-23 01:44:15.276  INFO 25568 --- [   scheduling-1] c.w.n.s.netease.NeteaseMusicService      : 获取成功
2025-08-23 01:44:16.012  INFO 25568 --- [   scheduling-1] c.w.n.service.NowPlayingService          : 切换歌曲为：有趣 - 单依纯 — 有趣 - Single
2025-08-23 01:44:16.012  INFO 25568 --- [   scheduling-1] c.w.n.service.NowPlayingService          : 当前平台为：Apple Music，借用网易云音乐搜索
2025-08-23 01:44:16.012  INFO 25568 --- [   scheduling-1] c.w.n.s.netease.NeteaseMusicService      : 获取网易云音乐歌曲信息..
2025-08-23 01:44:16.269  INFO 25568 --- [   scheduling-1] c.w.n.s.netease.NeteaseMusicService      : 获取成功
2025-08-23 01:44:17.014  INFO 25568 --- [   scheduling-1] c.w.n.service.NowPlayingService          : 切换歌曲为：有趣 - 单依纯 — 有趣 - Single
2025-08-23 01:44:17.014  INFO 25568 --- [   scheduling-1] c.w.n.service.NowPlayingService          : 当前平台为：Apple Music，借用网易云音乐搜索
2025-08-23 01:44:17.014  INFO 25568 --- [   scheduling-1] c.w.n.s.netease.NeteaseMusicService      : 获取网易云音乐歌曲信息..
2025-08-23 01:44:17.259  INFO 25568 --- [   scheduling-1] c.w.n.s.netease.NeteaseMusicService      : 获取成功
2025-08-23 01:44:18.011  INFO 25568 --- [   scheduling-1] c.w.n.service.NowPlayingService          : 切换歌曲为：有趣 - 单依纯 — 有趣 - Single
2025-08-23 01:44:18.011  INFO 25568 --- [   scheduling-1] c.w.n.service.NowPlayingService          : 当前平台为：Apple Music，借用网易云音乐搜索
2025-08-23 01:44:18.011  INFO 25568 --- [   scheduling-1] c.w.n.s.netease.NeteaseMusicService      : 获取网易云音乐歌曲信息..
2025-08-23 01:44:18.275  INFO 25568 --- [   scheduling-1] c.w.n.s.netease.NeteaseMusicService      : 获取成功
2025-08-23 01:44:19.006  INFO 25568 --- [   scheduling-1] c.w.n.service.NowPlayingService          : 切换歌曲为：有趣 - 单依纯 — 有趣 - Single
2025-08-23 01:44:19.006  INFO 25568 --- [   scheduling-1] c.w.n.service.NowPlayingService          : 当前平台为：Apple Music，借用网易云音乐搜索
2025-08-23 01:44:19.006  INFO 25568 --- [   scheduling-1] c.w.n.s.netease.NeteaseMusicService      : 获取网易云音乐歌曲信息..
2025-08-23 01:44:19.275  INFO 25568 --- [   scheduling-1] c.w.n.s.netease.NeteaseMusicService      : 获取成功
2025-08-23 01:44:20.010  INFO 25568 --- [   scheduling-1] c.w.n.service.NowPlayingService          : 切换歌曲为：有趣 - 单依纯 — 有趣 - Single
2025-08-23 01:44:20.010  INFO 25568 --- [   scheduling-1] c.w.n.service.NowPlayingService          : 当前平台为：Apple Music，借用网易云音乐搜索
2025-08-23 01:44:20.010  INFO 25568 --- [   scheduling-1] c.w.n.s.netease.NeteaseMusicService      : 获取网易云音乐歌曲信息..
2025-08-23 01:44:20.292  INFO 25568 --- [   scheduling-1] c.w.n.s.netease.NeteaseMusicService      : 获取成功
2025-08-23 01:44:21.007  INFO 25568 --- [   scheduling-1] c.w.n.service.NowPlayingService          : 切换歌曲为：有趣 - 单依纯 — 有趣 - Single
2025-08-23 01:44:21.007  INFO 25568 --- [   scheduling-1] c.w.n.service.NowPlayingService          : 当前平台为：Apple Music，借用网易云音乐搜索
2025-08-23 01:44:21.007  INFO 25568 --- [   scheduling-1] c.w.n.s.netease.NeteaseMusicService      : 获取网易云音乐歌曲信息..
2025-08-23 01:44:21.274  INFO 25568 --- [   scheduling-1] c.w.n.s.netease.NeteaseMusicService      : 获取成功
2025-08-23 01:44:22.015  INFO 25568 --- [   scheduling-1] c.w.n.service.NowPlayingService          : 切换歌曲为：有趣 - 单依纯 — 有趣 - Single
2025-08-23 01:44:22.015  INFO 25568 --- [   scheduling-1] c.w.n.service.NowPlayingService          : 当前平台为：Apple Music，借用网易云音乐搜索
2025-08-23 01:44:22.015  INFO 25568 --- [   scheduling-1] c.w.n.s.netease.NeteaseMusicService      : 获取网易云音乐歌曲信息..
2025-08-23 01:44:22.282  INFO 25568 --- [   scheduling-1] c.w.n.s.netease.NeteaseMusicService      : 获取成功
2025-08-23 01:44:23.014  INFO 25568 --- [   scheduling-1] c.w.n.service.NowPlayingService          : 切换歌曲为：有趣 - 单依纯 — 有趣 - Single
2025-08-23 01:44:23.014  INFO 25568 --- [   scheduling-1] c.w.n.service.NowPlayingService          : 当前平台为：Apple Music，借用网易云音乐搜索
2025-08-23 01:44:23.014  INFO 25568 --- [   scheduling-1] c.w.n.s.netease.NeteaseMusicService      : 获取网易云音乐歌曲信息..
2025-08-23 01:44:23.281  INFO 25568 --- [   scheduling-1] c.w.n.s.netease.NeteaseMusicService      : 获取成功
2025-08-23 01:44:24.014  INFO 25568 --- [   scheduling-1] c.w.n.service.NowPlayingService          : 切换歌曲为：有趣 - 单依纯 — 有趣 - Single
2025-08-23 01:44:24.014  INFO 25568 --- [   scheduling-1] c.w.n.service.NowPlayingService          : 当前平台为：Apple Music，借用网易云音乐搜索
2025-08-23 01:44:24.014  INFO 25568 --- [   scheduling-1] c.w.n.s.netease.NeteaseMusicService      : 获取网易云音乐歌曲信息..
2025-08-23 01:44:24.285  INFO 25568 --- [   scheduling-1] c.w.n.s.netease.NeteaseMusicService      : 获取成功
2025-08-23 01:44:25.014  INFO 25568 --- [   scheduling-1] c.w.n.service.NowPlayingService          : 切换歌曲为：有趣 - 单依纯 — 有趣 - Single
2025-08-23 01:44:25.014  INFO 25568 --- [   scheduling-1] c.w.n.service.NowPlayingService          : 当前平台为：Apple Music，借用网易云音乐搜索
2025-08-23 01:44:25.014  INFO 25568 --- [   scheduling-1] c.w.n.s.netease.NeteaseMusicService      : 获取网易云音乐歌曲信息..
2025-08-23 01:44:25.290  INFO 25568 --- [   scheduling-1] c.w.n.s.netease.NeteaseMusicService      : 获取成功
2025-08-23 01:44:26.009  INFO 25568 --- [   scheduling-1] c.w.n.service.NowPlayingService          : 切换歌曲为：有趣 - 单依纯 — 有趣 - Single
2025-08-23 01:44:26.009  INFO 25568 --- [   scheduling-1] c.w.n.service.NowPlayingService          : 当前平台为：Apple Music，借用网易云音乐搜索
2025-08-23 01:44:26.009  INFO 25568 --- [   scheduling-1] c.w.n.s.netease.NeteaseMusicService      : 获取网易云音乐歌曲信息..
2025-08-23 01:44:26.271  INFO 25568 --- [   scheduling-1] c.w.n.s.netease.NeteaseMusicService      : 获取成功
2025-08-23 01:44:27.007  INFO 25568 --- [   scheduling-1] c.w.n.service.NowPlayingService          : 切换歌曲为：有趣 - 单依纯 — 有趣 - Single
2025-08-23 01:44:27.007  INFO 25568 --- [   scheduling-1] c.w.n.service.NowPlayingService          : 当前平台为：Apple Music，借用网易云音乐搜索
2025-08-23 01:44:27.007  INFO 25568 --- [   scheduling-1] c.w.n.s.netease.NeteaseMusicService      : 获取网易云音乐歌曲信息..
2025-08-23 01:44:27.271  INFO 25568 --- [   scheduling-1] c.w.n.s.netease.NeteaseMusicService      : 获取成功
2025-08-23 01:44:28.003  INFO 25568 --- [   scheduling-1] c.w.n.service.NowPlayingService          : 切换歌曲为：有趣 - 单依纯 — 有趣 - Single
2025-08-23 01:44:28.003  INFO 25568 --- [   scheduling-1] c.w.n.service.NowPlayingService          : 当前平台为：Apple Music，借用网易云音乐搜索
2025-08-23 01:44:28.003  INFO 25568 --- [   scheduling-1] c.w.n.s.netease.NeteaseMusicService      : 获取网易云音乐歌曲信息..
2025-08-23 01:44:28.264  INFO 25568 --- [   scheduling-1] c.w.n.s.netease.NeteaseMusicService      : 获取成功
2025-08-23 01:44:29.005  INFO 25568 --- [   scheduling-1] c.w.n.service.NowPlayingService          : 切换歌曲为：有趣 - 单依纯 — 有趣 - Single
2025-08-23 01:44:29.005  INFO 25568 --- [   scheduling-1] c.w.n.service.NowPlayingService          : 当前平台为：Apple Music，借用网易云音乐搜索
2025-08-23 01:44:29.005  INFO 25568 --- [   scheduling-1] c.w.n.s.netease.NeteaseMusicService      : 获取网易云音乐歌曲信息..
2025-08-23 01:44:29.263  INFO 25568 --- [   scheduling-1] c.w.n.s.netease.NeteaseMusicService      : 获取成功
2025-08-23 01:44:30.001  INFO 25568 --- [   scheduling-1] c.w.n.service.NowPlayingService          : 切换歌曲为：有趣 - 单依纯 — 有趣 - Single
2025-08-23 01:44:30.001  INFO 25568 --- [   scheduling-1] c.w.n.service.NowPlayingService          : 当前平台为：Apple Music，借用网易云音乐搜索
2025-08-23 01:44:30.001  INFO 25568 --- [   scheduling-1] c.w.n.s.netease.NeteaseMusicService      : 获取网易云音乐歌曲信息..
2025-08-23 01:44:30.280  INFO 25568 --- [   scheduling-1] c.w.n.s.netease.NeteaseMusicService      : 获取成功
2025-08-23 01:44:31.009  INFO 25568 --- [   scheduling-1] c.w.n.service.NowPlayingService          : 切换歌曲为：有趣 - 单依纯 — 有趣 - Single
2025-08-23 01:44:31.009  INFO 25568 --- [   scheduling-1] c.w.n.service.NowPlayingService          : 当前平台为：Apple Music，借用网易云音乐搜索
2025-08-23 01:44:31.009  INFO 25568 --- [   scheduling-1] c.w.n.s.netease.NeteaseMusicService      : 获取网易云音乐歌曲信息..
2025-08-23 01:44:31.287  INFO 25568 --- [   scheduling-1] c.w.n.s.netease.NeteaseMusicService      : 获取成功
2025-08-23 01:44:32.007  INFO 25568 --- [   scheduling-1] c.w.n.service.NowPlayingService          : 切换歌曲为：有趣 - 单依纯 — 有趣 - Single
2025-08-23 01:44:32.007  INFO 25568 --- [   scheduling-1] c.w.n.service.NowPlayingService          : 当前平台为：Apple Music，借用网易云音乐搜索
2025-08-23 01:44:32.007  INFO 25568 --- [   scheduling-1] c.w.n.s.netease.NeteaseMusicService      : 获取网易云音乐歌曲信息..
2025-08-23 01:44:32.321  INFO 25568 --- [   scheduling-1] c.w.n.s.netease.NeteaseMusicService      : 获取成功
2025-08-23 01:44:33.008  INFO 25568 --- [   scheduling-1] c.w.n.service.NowPlayingService          : 切换歌曲为：有趣 - 单依纯 — 有趣 - Single
2025-08-23 01:44:33.008  INFO 25568 --- [   scheduling-1] c.w.n.service.NowPlayingService          : 当前平台为：Apple Music，借用网易云音乐搜索
2025-08-23 01:44:33.008  INFO 25568 --- [   scheduling-1] c.w.n.s.netease.NeteaseMusicService      : 获取网易云音乐歌曲信息..
2025-08-23 01:44:33.264  INFO 25568 --- [   scheduling-1] c.w.n.s.netease.NeteaseMusicService      : 获取成功
2025-08-23 01:44:34.006  INFO 25568 --- [   scheduling-1] c.w.n.service.NowPlayingService          : 切换歌曲为：有趣 - 单依纯 — 有趣 - Single
2025-08-23 01:44:34.006  INFO 25568 --- [   scheduling-1] c.w.n.service.NowPlayingService          : 当前平台为：Apple Music，借用网易云音乐搜索
2025-08-23 01:44:34.006  INFO 25568 --- [   scheduling-1] c.w.n.s.netease.NeteaseMusicService      : 获取网易云音乐歌曲信息..
2025-08-23 01:44:34.285  INFO 25568 --- [   scheduling-1] c.w.n.s.netease.NeteaseMusicService      : 获取成功
2025-08-23 01:44:35.007  INFO 25568 --- [   scheduling-1] c.w.n.service.NowPlayingService          : 切换歌曲为：有趣 - 单依纯 — 有趣 - Single
2025-08-23 01:44:35.007  INFO 25568 --- [   scheduling-1] c.w.n.service.NowPlayingService          : 当前平台为：Apple Music，借用网易云音乐搜索
2025-08-23 01:44:35.007  INFO 25568 --- [   scheduling-1] c.w.n.s.netease.NeteaseMusicService      : 获取网易云音乐歌曲信息..
2025-08-23 01:44:35.289  INFO 25568 --- [   scheduling-1] c.w.n.s.netease.NeteaseMusicService      : 获取成功
2025-08-23 01:44:36.016  INFO 25568 --- [   scheduling-1] c.w.n.service.NowPlayingService          : 切换歌曲为：有趣 - 单依纯 — 有趣 - Single
2025-08-23 01:44:36.016  INFO 25568 --- [   scheduling-1] c.w.n.service.NowPlayingService          : 当前平台为：Apple Music，借用网易云音乐搜索
2025-08-23 01:44:36.016  INFO 25568 --- [   scheduling-1] c.w.n.s.netease.NeteaseMusicService      : 获取网易云音乐歌曲信息..
2025-08-23 01:44:36.271  INFO 25568 --- [   scheduling-1] c.w.n.s.netease.NeteaseMusicService      : 获取成功
2025-08-23 01:44:37.006  INFO 25568 --- [   scheduling-1] c.w.n.service.NowPlayingService          : 切换歌曲为：有趣 - 单依纯 — 有趣 - Single
2025-08-23 01:44:37.006  INFO 25568 --- [   scheduling-1] c.w.n.service.NowPlayingService          : 当前平台为：Apple Music，借用网易云音乐搜索
2025-08-23 01:44:37.006  INFO 25568 --- [   scheduling-1] c.w.n.s.netease.NeteaseMusicService      : 获取网易云音乐歌曲信息..
2025-08-23 01:44:37.278  INFO 25568 --- [   scheduling-1] c.w.n.s.netease.NeteaseMusicService      : 获取成功
2025-08-23 01:44:38.015  INFO 25568 --- [   scheduling-1] c.w.n.service.NowPlayingService          : 切换歌曲为：有趣 - 单依纯 — 有趣 - Single
2025-08-23 01:44:38.015  INFO 25568 --- [   scheduling-1] c.w.n.service.NowPlayingService          : 当前平台为：Apple Music，借用网易云音乐搜索
2025-08-23 01:44:38.015  INFO 25568 --- [   scheduling-1] c.w.n.s.netease.NeteaseMusicService      : 获取网易云音乐歌曲信息..
2025-08-23 01:44:38.276  INFO 25568 --- [   scheduling-1] c.w.n.s.netease.NeteaseMusicService      : 获取成功
2025-08-23 01:44:39.007  INFO 25568 --- [   scheduling-1] c.w.n.service.NowPlayingService          : 切换歌曲为：有趣 - 单依纯 — 有趣 - Single
2025-08-23 01:44:39.007  INFO 25568 --- [   scheduling-1] c.w.n.service.NowPlayingService          : 当前平台为：Apple Music，借用网易云音乐搜索
2025-08-23 01:44:39.007  INFO 25568 --- [   scheduling-1] c.w.n.s.netease.NeteaseMusicService      : 获取网易云音乐歌曲信息..
2025-08-23 01:44:39.278  INFO 25568 --- [   scheduling-1] c.w.n.s.netease.NeteaseMusicService      : 获取成功
2025-08-23 01:44:40.001  INFO 25568 --- [   scheduling-1] c.w.n.service.NowPlayingService          : 切换歌曲为：有趣 - 单依纯 — 有趣 - Single
2025-08-23 01:44:40.001  INFO 25568 --- [   scheduling-1] c.w.n.service.NowPlayingService          : 当前平台为：Apple Music，借用网易云音乐搜索
2025-08-23 01:44:40.001  INFO 25568 --- [   scheduling-1] c.w.n.s.netease.NeteaseMusicService      : 获取网易云音乐歌曲信息..
2025-08-23 01:44:40.265  INFO 25568 --- [   scheduling-1] c.w.n.s.netease.NeteaseMusicService      : 获取成功
2025-08-23 01:44:41.014  INFO 25568 --- [   scheduling-1] c.w.n.service.NowPlayingService          : 切换歌曲为：有趣 - 单依纯 — 有趣 - Single
2025-08-23 01:44:41.014  INFO 25568 --- [   scheduling-1] c.w.n.service.NowPlayingService          : 当前平台为：Apple Music，借用网易云音乐搜索
2025-08-23 01:44:41.014  INFO 25568 --- [   scheduling-1] c.w.n.s.netease.NeteaseMusicService      : 获取网易云音乐歌曲信息..
2025-08-23 01:44:41.280  INFO 25568 --- [   scheduling-1] c.w.n.s.netease.NeteaseMusicService      : 获取成功
2025-08-23 01:44:42.014  INFO 25568 --- [   scheduling-1] c.w.n.service.NowPlayingService          : 切换歌曲为：有趣 - 单依纯 — 有趣 - Single
2025-08-23 01:44:42.014  INFO 25568 --- [   scheduling-1] c.w.n.service.NowPlayingService          : 当前平台为：Apple Music，借用网易云音乐搜索
2025-08-23 01:44:42.014  INFO 25568 --- [   scheduling-1] c.w.n.s.netease.NeteaseMusicService      : 获取网易云音乐歌曲信息..
2025-08-23 01:44:42.286  INFO 25568 --- [   scheduling-1] c.w.n.s.netease.NeteaseMusicService      : 获取成功
2025-08-23 01:44:43.001  INFO 25568 --- [   scheduling-1] c.w.n.service.NowPlayingService          : 切换歌曲为：有趣 - 单依纯 — 有趣 - Single
2025-08-23 01:44:43.001  INFO 25568 --- [   scheduling-1] c.w.n.service.NowPlayingService          : 当前平台为：Apple Music，借用网易云音乐搜索
2025-08-23 01:44:43.001  INFO 25568 --- [   scheduling-1] c.w.n.s.netease.NeteaseMusicService      : 获取网易云音乐歌曲信息..
2025-08-23 01:44:43.247  INFO 25568 --- [   scheduling-1] c.w.n.s.netease.NeteaseMusicService      : 获取成功
2025-08-23 01:44:44.009  INFO 25568 --- [   scheduling-1] c.w.n.service.NowPlayingService          : 切换歌曲为：有趣 - 单依纯 — 有趣 - Single
2025-08-23 01:44:44.009  INFO 25568 --- [   scheduling-1] c.w.n.service.NowPlayingService          : 当前平台为：Apple Music，借用网易云音乐搜索
2025-08-23 01:44:44.009  INFO 25568 --- [   scheduling-1] c.w.n.s.netease.NeteaseMusicService      : 获取网易云音乐歌曲信息..
2025-08-23 01:44:44.281  INFO 25568 --- [   scheduling-1] c.w.n.s.netease.NeteaseMusicService      : 获取成功
2025-08-23 01:44:45.006  INFO 25568 --- [   scheduling-1] c.w.n.service.NowPlayingService          : 切换歌曲为：有趣 - 单依纯 — 有趣 - Single
2025-08-23 01:44:45.006  INFO 25568 --- [   scheduling-1] c.w.n.service.NowPlayingService          : 当前平台为：Apple Music，借用网易云音乐搜索
2025-08-23 01:44:45.006  INFO 25568 --- [   scheduling-1] c.w.n.s.netease.NeteaseMusicService      : 获取网易云音乐歌曲信息..
2025-08-23 01:44:45.270  INFO 25568 --- [   scheduling-1] c.w.n.s.netease.NeteaseMusicService      : 获取成功
2025-08-23 01:44:46.015  INFO 25568 --- [   scheduling-1] c.w.n.service.NowPlayingService          : 切换歌曲为：有趣 - 单依纯 — 有趣 - Single
2025-08-23 01:44:46.015  INFO 25568 --- [   scheduling-1] c.w.n.service.NowPlayingService          : 当前平台为：Apple Music，借用网易云音乐搜索
2025-08-23 01:44:46.015  INFO 25568 --- [   scheduling-1] c.w.n.s.netease.NeteaseMusicService      : 获取网易云音乐歌曲信息..
2025-08-23 01:44:46.276  INFO 25568 --- [   scheduling-1] c.w.n.s.netease.NeteaseMusicService      : 获取成功
2025-08-23 01:44:47.015  INFO 25568 --- [   scheduling-1] c.w.n.service.NowPlayingService          : 切换歌曲为：有趣 - 单依纯 — 有趣 - Single
2025-08-23 01:44:47.015  INFO 25568 --- [   scheduling-1] c.w.n.service.NowPlayingService          : 当前平台为：Apple Music，借用网易云音乐搜索
2025-08-23 01:44:47.015  INFO 25568 --- [   scheduling-1] c.w.n.s.netease.NeteaseMusicService      : 获取网易云音乐歌曲信息..
2025-08-23 01:44:47.291  INFO 25568 --- [   scheduling-1] c.w.n.s.netease.NeteaseMusicService      : 获取成功
2025-08-23 01:44:48.010  INFO 25568 --- [   scheduling-1] c.w.n.service.NowPlayingService          : 切换歌曲为：有趣 - 单依纯 — 有趣 - Single
2025-08-23 01:44:48.010  INFO 25568 --- [   scheduling-1] c.w.n.service.NowPlayingService          : 当前平台为：Apple Music，借用网易云音乐搜索
2025-08-23 01:44:48.010  INFO 25568 --- [   scheduling-1] c.w.n.s.netease.NeteaseMusicService      : 获取网易云音乐歌曲信息..
2025-08-23 01:44:48.271  INFO 25568 --- [   scheduling-1] c.w.n.s.netease.NeteaseMusicService      : 获取成功
2025-08-23 01:44:49.008  INFO 25568 --- [   scheduling-1] c.w.n.service.NowPlayingService          : 切换歌曲为：有趣 - 单依纯 — 有趣 - Single
2025-08-23 01:44:49.008  INFO 25568 --- [   scheduling-1] c.w.n.service.NowPlayingService          : 当前平台为：Apple Music，借用网易云音乐搜索
2025-08-23 01:44:49.008  INFO 25568 --- [   scheduling-1] c.w.n.s.netease.NeteaseMusicService      : 获取网易云音乐歌曲信息..
2025-08-23 01:44:49.277  INFO 25568 --- [   scheduling-1] c.w.n.s.netease.NeteaseMusicService      : 获取成功
2025-08-23 01:44:50.008  INFO 25568 --- [   scheduling-1] c.w.n.service.NowPlayingService          : 切换歌曲为：有趣 - 单依纯 — 有趣 - Single
2025-08-23 01:44:50.008  INFO 25568 --- [   scheduling-1] c.w.n.service.NowPlayingService          : 当前平台为：Apple Music，借用网易云音乐搜索
2025-08-23 01:44:50.008  INFO 25568 --- [   scheduling-1] c.w.n.s.netease.NeteaseMusicService      : 获取网易云音乐歌曲信息..
2025-08-23 01:44:50.264  INFO 25568 --- [   scheduling-1] c.w.n.s.netease.NeteaseMusicService      : 获取成功
2025-08-23 01:44:51.007  INFO 25568 --- [   scheduling-1] c.w.n.service.NowPlayingService          : 切换歌曲为：有趣 - 单依纯 — 有趣 - Single
2025-08-23 01:44:51.007  INFO 25568 --- [   scheduling-1] c.w.n.service.NowPlayingService          : 当前平台为：Apple Music，借用网易云音乐搜索
2025-08-23 01:44:51.007  INFO 25568 --- [   scheduling-1] c.w.n.s.netease.NeteaseMusicService      : 获取网易云音乐歌曲信息..
2025-08-23 01:44:51.265  INFO 25568 --- [   scheduling-1] c.w.n.s.netease.NeteaseMusicService      : 获取成功
2025-08-23 01:44:52.004  INFO 25568 --- [   scheduling-1] c.w.n.service.NowPlayingService          : 切换歌曲为：有趣 - 单依纯 — 有趣 - Single
2025-08-23 01:44:52.004  INFO 25568 --- [   scheduling-1] c.w.n.service.NowPlayingService          : 当前平台为：Apple Music，借用网易云音乐搜索
2025-08-23 01:44:52.004  INFO 25568 --- [   scheduling-1] c.w.n.s.netease.NeteaseMusicService      : 获取网易云音乐歌曲信息..
2025-08-23 01:44:52.283  INFO 25568 --- [   scheduling-1] c.w.n.s.netease.NeteaseMusicService      : 获取成功
2025-08-23 01:44:53.014  INFO 25568 --- [   scheduling-1] c.w.n.service.NowPlayingService          : 切换歌曲为：有趣 - 单依纯 — 有趣 - Single
2025-08-23 01:44:53.014  INFO 25568 --- [   scheduling-1] c.w.n.service.NowPlayingService          : 当前平台为：Apple Music，借用网易云音乐搜索
2025-08-23 01:44:53.014  INFO 25568 --- [   scheduling-1] c.w.n.s.netease.NeteaseMusicService      : 获取网易云音乐歌曲信息..
2025-08-23 01:44:53.283  INFO 25568 --- [   scheduling-1] c.w.n.s.netease.NeteaseMusicService      : 获取成功
2025-08-23 01:44:54.013  INFO 25568 --- [   scheduling-1] c.w.n.service.NowPlayingService          : 切换歌曲为：有趣 - 单依纯 — 有趣 - Single
2025-08-23 01:44:54.013  INFO 25568 --- [   scheduling-1] c.w.n.service.NowPlayingService          : 当前平台为：Apple Music，借用网易云音乐搜索
2025-08-23 01:44:54.013  INFO 25568 --- [   scheduling-1] c.w.n.s.netease.NeteaseMusicService      : 获取网易云音乐歌曲信息..
2025-08-23 01:44:54.283  INFO 25568 --- [   scheduling-1] c.w.n.s.netease.NeteaseMusicService      : 获取成功
2025-08-23 01:44:55.006  INFO 25568 --- [   scheduling-1] c.w.n.service.NowPlayingService          : 切换歌曲为：有趣 - 单依纯 — 有趣 - Single
2025-08-23 01:44:55.006  INFO 25568 --- [   scheduling-1] c.w.n.service.NowPlayingService          : 当前平台为：Apple Music，借用网易云音乐搜索
2025-08-23 01:44:55.006  INFO 25568 --- [   scheduling-1] c.w.n.s.netease.NeteaseMusicService      : 获取网易云音乐歌曲信息..
2025-08-23 01:44:55.291  INFO 25568 --- [   scheduling-1] c.w.n.s.netease.NeteaseMusicService      : 获取成功
2025-08-23 01:44:56.005  INFO 25568 --- [   scheduling-1] c.w.n.service.NowPlayingService          : 切换歌曲为：有趣 - 单依纯 — 有趣 - Single
2025-08-23 01:44:56.005  INFO 25568 --- [   scheduling-1] c.w.n.service.NowPlayingService          : 当前平台为：Apple Music，借用网易云音乐搜索
2025-08-23 01:44:56.005  INFO 25568 --- [   scheduling-1] c.w.n.s.netease.NeteaseMusicService      : 获取网易云音乐歌曲信息..
2025-08-23 01:44:56.259  INFO 25568 --- [   scheduling-1] c.w.n.s.netease.NeteaseMusicService      : 获取成功
2025-08-23 01:44:57.007  INFO 25568 --- [   scheduling-1] c.w.n.service.NowPlayingService          : 切换歌曲为：有趣 - 单依纯 — 有趣 - Single
2025-08-23 01:44:57.007  INFO 25568 --- [   scheduling-1] c.w.n.service.NowPlayingService          : 当前平台为：Apple Music，借用网易云音乐搜索
2025-08-23 01:44:57.007  INFO 25568 --- [   scheduling-1] c.w.n.s.netease.NeteaseMusicService      : 获取网易云音乐歌曲信息..
2025-08-23 01:44:57.256  INFO 25568 --- [   scheduling-1] c.w.n.s.netease.NeteaseMusicService      : 获取成功
2025-08-23 01:44:58.008  INFO 25568 --- [   scheduling-1] c.w.n.service.NowPlayingService          : 切换歌曲为：有趣 - 单依纯 — 有趣 - Single
2025-08-23 01:44:58.008  INFO 25568 --- [   scheduling-1] c.w.n.service.NowPlayingService          : 当前平台为：Apple Music，借用网易云音乐搜索
2025-08-23 01:44:58.008  INFO 25568 --- [   scheduling-1] c.w.n.s.netease.NeteaseMusicService      : 获取网易云音乐歌曲信息..
2025-08-23 01:44:58.267  INFO 25568 --- [   scheduling-1] c.w.n.s.netease.NeteaseMusicService      : 获取成功
2025-08-23 01:44:59.001  INFO 25568 --- [   scheduling-1] c.w.n.service.NowPlayingService          : 切换歌曲为：有趣 - 单依纯 — 有趣 - Single
2025-08-23 01:44:59.001  INFO 25568 --- [   scheduling-1] c.w.n.service.NowPlayingService          : 当前平台为：Apple Music，借用网易云音乐搜索
2025-08-23 01:44:59.001  INFO 25568 --- [   scheduling-1] c.w.n.s.netease.NeteaseMusicService      : 获取网易云音乐歌曲信息..
2025-08-23 01:44:59.262  INFO 25568 --- [   scheduling-1] c.w.n.s.netease.NeteaseMusicService      : 获取成功
2025-08-23 01:45:00.009  INFO 25568 --- [   scheduling-1] c.w.n.service.NowPlayingService          : 切换歌曲为：有趣 - 单依纯 — 有趣 - Single
2025-08-23 01:45:00.009  INFO 25568 --- [   scheduling-1] c.w.n.service.NowPlayingService          : 当前平台为：Apple Music，借用网易云音乐搜索
2025-08-23 01:45:00.009  INFO 25568 --- [   scheduling-1] c.w.n.s.netease.NeteaseMusicService      : 获取网易云音乐歌曲信息..
2025-08-23 01:45:00.266  INFO 25568 --- [   scheduling-1] c.w.n.s.netease.NeteaseMusicService      : 获取成功
2025-08-23 01:45:01.016  INFO 25568 --- [   scheduling-1] c.w.n.service.NowPlayingService          : 切换歌曲为：有趣 - 单依纯 — 有趣 - Single
2025-08-23 01:45:01.016  INFO 25568 --- [   scheduling-1] c.w.n.service.NowPlayingService          : 当前平台为：Apple Music，借用网易云音乐搜索
2025-08-23 01:45:01.016  INFO 25568 --- [   scheduling-1] c.w.n.s.netease.NeteaseMusicService      : 获取网易云音乐歌曲信息..
2025-08-23 01:45:01.273  INFO 25568 --- [   scheduling-1] c.w.n.s.netease.NeteaseMusicService      : 获取成功
2025-08-23 01:45:02.006  INFO 25568 --- [   scheduling-1] c.w.n.service.NowPlayingService          : 切换歌曲为：有趣 - 单依纯 — 有趣 - Single
2025-08-23 01:45:02.006  INFO 25568 --- [   scheduling-1] c.w.n.service.NowPlayingService          : 当前平台为：Apple Music，借用网易云音乐搜索
2025-08-23 01:45:02.006  INFO 25568 --- [   scheduling-1] c.w.n.s.netease.NeteaseMusicService      : 获取网易云音乐歌曲信息..
2025-08-23 01:45:02.262  INFO 25568 --- [   scheduling-1] c.w.n.s.netease.NeteaseMusicService      : 获取成功
2025-08-23 01:45:03.004  INFO 25568 --- [   scheduling-1] c.w.n.service.NowPlayingService          : 切换歌曲为：有趣 - 单依纯 — 有趣 - Single
2025-08-23 01:45:03.004  INFO 25568 --- [   scheduling-1] c.w.n.service.NowPlayingService          : 当前平台为：Apple Music，借用网易云音乐搜索
2025-08-23 01:45:03.004  INFO 25568 --- [   scheduling-1] c.w.n.s.netease.NeteaseMusicService      : 获取网易云音乐歌曲信息..
2025-08-23 01:45:03.273  INFO 25568 --- [   scheduling-1] c.w.n.s.netease.NeteaseMusicService      : 获取成功
2025-08-23 01:45:04.011  INFO 25568 --- [   scheduling-1] c.w.n.service.NowPlayingService          : 切换歌曲为：有趣 - 单依纯 — 有趣 - Single
2025-08-23 01:45:04.011  INFO 25568 --- [   scheduling-1] c.w.n.service.NowPlayingService          : 当前平台为：Apple Music，借用网易云音乐搜索
2025-08-23 01:45:04.011  INFO 25568 --- [   scheduling-1] c.w.n.s.netease.NeteaseMusicService      : 获取网易云音乐歌曲信息..
2025-08-23 01:45:04.269  INFO 25568 --- [   scheduling-1] c.w.n.s.netease.NeteaseMusicService      : 获取成功
2025-08-23 01:45:05.006  INFO 25568 --- [   scheduling-1] c.w.n.service.NowPlayingService          : 切换歌曲为：有趣 - 单依纯 — 有趣 - Single
2025-08-23 01:45:05.006  INFO 25568 --- [   scheduling-1] c.w.n.service.NowPlayingService          : 当前平台为：Apple Music，借用网易云音乐搜索
2025-08-23 01:45:05.006  INFO 25568 --- [   scheduling-1] c.w.n.s.netease.NeteaseMusicService      : 获取网易云音乐歌曲信息..
2025-08-23 01:45:05.274  INFO 25568 --- [   scheduling-1] c.w.n.s.netease.NeteaseMusicService      : 获取成功
2025-08-23 01:45:06.012  INFO 25568 --- [   scheduling-1] c.w.n.service.NowPlayingService          : 切换歌曲为：有趣 - 单依纯 — 有趣 - Single
2025-08-23 01:45:06.012  INFO 25568 --- [   scheduling-1] c.w.n.service.NowPlayingService          : 当前平台为：Apple Music，借用网易云音乐搜索
2025-08-23 01:45:06.012  INFO 25568 --- [   scheduling-1] c.w.n.s.netease.NeteaseMusicService      : 获取网易云音乐歌曲信息..
2025-08-23 01:45:06.295  INFO 25568 --- [   scheduling-1] c.w.n.s.netease.NeteaseMusicService      : 获取成功
2025-08-23 01:45:07.013  INFO 25568 --- [   scheduling-1] c.w.n.service.NowPlayingService          : 切换歌曲为：有趣 - 单依纯 — 有趣 - Single
2025-08-23 01:45:07.013  INFO 25568 --- [   scheduling-1] c.w.n.service.NowPlayingService          : 当前平台为：Apple Music，借用网易云音乐搜索
2025-08-23 01:45:07.013  INFO 25568 --- [   scheduling-1] c.w.n.s.netease.NeteaseMusicService      : 获取网易云音乐歌曲信息..
2025-08-23 01:45:07.283  INFO 25568 --- [   scheduling-1] c.w.n.s.netease.NeteaseMusicService      : 获取成功
2025-08-23 01:45:08.007  INFO 25568 --- [   scheduling-1] c.w.n.service.NowPlayingService          : 切换歌曲为：有趣 - 单依纯 — 有趣 - Single
2025-08-23 01:45:08.007  INFO 25568 --- [   scheduling-1] c.w.n.service.NowPlayingService          : 当前平台为：Apple Music，借用网易云音乐搜索
2025-08-23 01:45:08.007  INFO 25568 --- [   scheduling-1] c.w.n.s.netease.NeteaseMusicService      : 获取网易云音乐歌曲信息..
2025-08-23 01:45:08.267  INFO 25568 --- [   scheduling-1] c.w.n.s.netease.NeteaseMusicService      : 获取成功
2025-08-23 01:45:09.011  INFO 25568 --- [   scheduling-1] c.w.n.service.NowPlayingService          : 切换歌曲为：有趣 - 单依纯 — 有趣 - Single
2025-08-23 01:45:09.011  INFO 25568 --- [   scheduling-1] c.w.n.service.NowPlayingService          : 当前平台为：Apple Music，借用网易云音乐搜索
2025-08-23 01:45:09.011  INFO 25568 --- [   scheduling-1] c.w.n.s.netease.NeteaseMusicService      : 获取网易云音乐歌曲信息..
2025-08-23 01:45:09.298  INFO 25568 --- [   scheduling-1] c.w.n.s.netease.NeteaseMusicService      : 获取成功
2025-08-23 01:45:10.010  INFO 25568 --- [   scheduling-1] c.w.n.service.NowPlayingService          : 切换歌曲为：有趣 - 单依纯 — 有趣 - Single
2025-08-23 01:45:10.010  INFO 25568 --- [   scheduling-1] c.w.n.service.NowPlayingService          : 当前平台为：Apple Music，借用网易云音乐搜索
2025-08-23 01:45:10.010  INFO 25568 --- [   scheduling-1] c.w.n.s.netease.NeteaseMusicService      : 获取网易云音乐歌曲信息..
2025-08-23 01:45:10.282  INFO 25568 --- [   scheduling-1] c.w.n.s.netease.NeteaseMusicService      : 获取成功
2025-08-23 01:45:11.012  INFO 25568 --- [   scheduling-1] c.w.n.service.NowPlayingService          : 切换歌曲为：有趣 - 单依纯 — 有趣 - Single
2025-08-23 01:45:11.012  INFO 25568 --- [   scheduling-1] c.w.n.service.NowPlayingService          : 当前平台为：Apple Music，借用网易云音乐搜索
2025-08-23 01:45:11.012  INFO 25568 --- [   scheduling-1] c.w.n.s.netease.NeteaseMusicService      : 获取网易云音乐歌曲信息..
2025-08-23 01:45:11.323  INFO 25568 --- [   scheduling-1] c.w.n.s.netease.NeteaseMusicService      : 获取成功
2025-08-23 01:45:12.002  INFO 25568 --- [   scheduling-1] c.w.n.service.NowPlayingService          : 切换歌曲为：有趣 - 单依纯 — 有趣 - Single
2025-08-23 01:45:12.002  INFO 25568 --- [   scheduling-1] c.w.n.service.NowPlayingService          : 当前平台为：Apple Music，借用网易云音乐搜索
2025-08-23 01:45:12.002  INFO 25568 --- [   scheduling-1] c.w.n.s.netease.NeteaseMusicService      : 获取网易云音乐歌曲信息..
2025-08-23 01:45:12.263  INFO 25568 --- [   scheduling-1] c.w.n.s.netease.NeteaseMusicService      : 获取成功
2025-08-23 01:45:13.004  INFO 25568 --- [   scheduling-1] c.w.n.service.NowPlayingService          : 切换歌曲为：有趣 - 单依纯 — 有趣 - Single
2025-08-23 01:45:13.004  INFO 25568 --- [   scheduling-1] c.w.n.service.NowPlayingService          : 当前平台为：Apple Music，借用网易云音乐搜索
2025-08-23 01:45:13.004  INFO 25568 --- [   scheduling-1] c.w.n.s.netease.NeteaseMusicService      : 获取网易云音乐歌曲信息..
2025-08-23 01:45:13.258  INFO 25568 --- [   scheduling-1] c.w.n.s.netease.NeteaseMusicService      : 获取成功
2025-08-23 01:45:14.009  INFO 25568 --- [   scheduling-1] c.w.n.service.NowPlayingService          : 切换歌曲为：有趣 - 单依纯 — 有趣 - Single
2025-08-23 01:45:14.009  INFO 25568 --- [   scheduling-1] c.w.n.service.NowPlayingService          : 当前平台为：Apple Music，借用网易云音乐搜索
2025-08-23 01:45:14.009  INFO 25568 --- [   scheduling-1] c.w.n.s.netease.NeteaseMusicService      : 获取网易云音乐歌曲信息..
2025-08-23 01:45:14.269  INFO 25568 --- [   scheduling-1] c.w.n.s.netease.NeteaseMusicService      : 获取成功
2025-08-23 01:45:15.009  INFO 25568 --- [   scheduling-1] c.w.n.service.NowPlayingService          : 切换歌曲为：有趣 - 单依纯 — 有趣 - Single
2025-08-23 01:45:15.009  INFO 25568 --- [   scheduling-1] c.w.n.service.NowPlayingService          : 当前平台为：Apple Music，借用网易云音乐搜索
2025-08-23 01:45:15.009  INFO 25568 --- [   scheduling-1] c.w.n.s.netease.NeteaseMusicService      : 获取网易云音乐歌曲信息..
2025-08-23 01:45:15.268  INFO 25568 --- [   scheduling-1] c.w.n.s.netease.NeteaseMusicService      : 获取成功
2025-08-23 01:45:16.014  INFO 25568 --- [   scheduling-1] c.w.n.service.NowPlayingService          : 切换歌曲为：有趣 - 单依纯 — 有趣 - Single
2025-08-23 01:45:16.014  INFO 25568 --- [   scheduling-1] c.w.n.service.NowPlayingService          : 当前平台为：Apple Music，借用网易云音乐搜索
2025-08-23 01:45:16.014  INFO 25568 --- [   scheduling-1] c.w.n.s.netease.NeteaseMusicService      : 获取网易云音乐歌曲信息..
2025-08-23 01:45:16.291  INFO 25568 --- [   scheduling-1] c.w.n.s.netease.NeteaseMusicService      : 获取成功
2025-08-23 01:45:17.008  INFO 25568 --- [   scheduling-1] c.w.n.service.NowPlayingService          : 切换歌曲为：有趣 - 单依纯 — 有趣 - Single
2025-08-23 01:45:17.008  INFO 25568 --- [   scheduling-1] c.w.n.service.NowPlayingService          : 当前平台为：Apple Music，借用网易云音乐搜索
2025-08-23 01:45:17.008  INFO 25568 --- [   scheduling-1] c.w.n.s.netease.NeteaseMusicService      : 获取网易云音乐歌曲信息..
2025-08-23 01:45:17.280  INFO 25568 --- [   scheduling-1] c.w.n.s.netease.NeteaseMusicService      : 获取成功
2025-08-23 01:45:18.005  INFO 25568 --- [   scheduling-1] c.w.n.service.NowPlayingService          : 切换歌曲为：有趣 - 单依纯 — 有趣 - Single
2025-08-23 01:45:18.005  INFO 25568 --- [   scheduling-1] c.w.n.service.NowPlayingService          : 当前平台为：Apple Music，借用网易云音乐搜索
2025-08-23 01:45:18.005  INFO 25568 --- [   scheduling-1] c.w.n.s.netease.NeteaseMusicService      : 获取网易云音乐歌曲信息..
2025-08-23 01:45:18.281  INFO 25568 --- [   scheduling-1] c.w.n.s.netease.NeteaseMusicService      : 获取成功
2025-08-23 01:45:19.001  INFO 25568 --- [   scheduling-1] c.w.n.service.NowPlayingService          : 切换歌曲为：有趣 - 单依纯 — 有趣 - Single
2025-08-23 01:45:19.001  INFO 25568 --- [   scheduling-1] c.w.n.service.NowPlayingService          : 当前平台为：Apple Music，借用网易云音乐搜索
2025-08-23 01:45:19.001  INFO 25568 --- [   scheduling-1] c.w.n.s.netease.NeteaseMusicService      : 获取网易云音乐歌曲信息..
2025-08-23 01:45:19.282  INFO 25568 --- [   scheduling-1] c.w.n.s.netease.NeteaseMusicService      : 获取成功
2025-08-23 01:45:20.014  INFO 25568 --- [   scheduling-1] c.w.n.service.NowPlayingService          : 切换歌曲为：有趣 - 单依纯 — 有趣 - Single
2025-08-23 01:45:20.014  INFO 25568 --- [   scheduling-1] c.w.n.service.NowPlayingService          : 当前平台为：Apple Music，借用网易云音乐搜索
2025-08-23 01:45:20.014  INFO 25568 --- [   scheduling-1] c.w.n.s.netease.NeteaseMusicService      : 获取网易云音乐歌曲信息..
2025-08-23 01:45:20.307  INFO 25568 --- [   scheduling-1] c.w.n.s.netease.NeteaseMusicService      : 获取成功
2025-08-23 01:45:21.007  INFO 25568 --- [   scheduling-1] c.w.n.service.NowPlayingService          : 切换歌曲为：有趣 - 单依纯 — 有趣 - Single
2025-08-23 01:45:21.007  INFO 25568 --- [   scheduling-1] c.w.n.service.NowPlayingService          : 当前平台为：Apple Music，借用网易云音乐搜索
2025-08-23 01:45:21.007  INFO 25568 --- [   scheduling-1] c.w.n.s.netease.NeteaseMusicService      : 获取网易云音乐歌曲信息..
2025-08-23 01:45:21.368  INFO 25568 --- [   scheduling-1] c.w.n.s.netease.NeteaseMusicService      : 获取成功
2025-08-23 01:45:22.004  INFO 25568 --- [   scheduling-1] c.w.n.service.NowPlayingService          : 切换歌曲为：有趣 - 单依纯 — 有趣 - Single
2025-08-23 01:45:22.004  INFO 25568 --- [   scheduling-1] c.w.n.service.NowPlayingService          : 当前平台为：Apple Music，借用网易云音乐搜索
2025-08-23 01:45:22.004  INFO 25568 --- [   scheduling-1] c.w.n.s.netease.NeteaseMusicService      : 获取网易云音乐歌曲信息..
2025-08-23 01:45:22.286  INFO 25568 --- [   scheduling-1] c.w.n.s.netease.NeteaseMusicService      : 获取成功
2025-08-23 01:45:23.013  INFO 25568 --- [   scheduling-1] c.w.n.service.NowPlayingService          : 切换歌曲为：有趣 - 单依纯 — 有趣 - Single
2025-08-23 01:45:23.013  INFO 25568 --- [   scheduling-1] c.w.n.service.NowPlayingService          : 当前平台为：Apple Music，借用网易云音乐搜索
2025-08-23 01:45:23.013  INFO 25568 --- [   scheduling-1] c.w.n.s.netease.NeteaseMusicService      : 获取网易云音乐歌曲信息..
2025-08-23 01:45:23.276  INFO 25568 --- [   scheduling-1] c.w.n.s.netease.NeteaseMusicService      : 获取成功
2025-08-23 01:45:24.007  INFO 25568 --- [   scheduling-1] c.w.n.service.NowPlayingService          : 切换歌曲为：有趣 - 单依纯 — 有趣 - Single
2025-08-23 01:45:24.007  INFO 25568 --- [   scheduling-1] c.w.n.service.NowPlayingService          : 当前平台为：Apple Music，借用网易云音乐搜索
2025-08-23 01:45:24.007  INFO 25568 --- [   scheduling-1] c.w.n.s.netease.NeteaseMusicService      : 获取网易云音乐歌曲信息..
2025-08-23 01:45:24.258  INFO 25568 --- [   scheduling-1] c.w.n.s.netease.NeteaseMusicService      : 获取成功
2025-08-23 01:45:25.003  INFO 25568 --- [   scheduling-1] c.w.n.service.NowPlayingService          : 切换歌曲为：有趣 - 单依纯 — 有趣 - Single
2025-08-23 01:45:25.003  INFO 25568 --- [   scheduling-1] c.w.n.service.NowPlayingService          : 当前平台为：Apple Music，借用网易云音乐搜索
2025-08-23 01:45:25.003  INFO 25568 --- [   scheduling-1] c.w.n.s.netease.NeteaseMusicService      : 获取网易云音乐歌曲信息..
2025-08-23 01:45:25.267  INFO 25568 --- [   scheduling-1] c.w.n.s.netease.NeteaseMusicService      : 获取成功
2025-08-23 01:45:26.002  INFO 25568 --- [   scheduling-1] c.w.n.service.NowPlayingService          : 切换歌曲为：有趣 - 单依纯 — 有趣 - Single
2025-08-23 01:45:26.002  INFO 25568 --- [   scheduling-1] c.w.n.service.NowPlayingService          : 当前平台为：Apple Music，借用网易云音乐搜索
2025-08-23 01:45:26.002  INFO 25568 --- [   scheduling-1] c.w.n.s.netease.NeteaseMusicService      : 获取网易云音乐歌曲信息..
2025-08-23 01:45:26.270  INFO 25568 --- [   scheduling-1] c.w.n.s.netease.NeteaseMusicService      : 获取成功
2025-08-23 01:45:27.009  INFO 25568 --- [   scheduling-1] c.w.n.service.NowPlayingService          : 切换歌曲为：有趣 - 单依纯 — 有趣 - Single
2025-08-23 01:45:27.009  INFO 25568 --- [   scheduling-1] c.w.n.service.NowPlayingService          : 当前平台为：Apple Music，借用网易云音乐搜索
2025-08-23 01:45:27.009  INFO 25568 --- [   scheduling-1] c.w.n.s.netease.NeteaseMusicService      : 获取网易云音乐歌曲信息..
2025-08-23 01:45:27.286  INFO 25568 --- [   scheduling-1] c.w.n.s.netease.NeteaseMusicService      : 获取成功
2025-08-23 01:45:28.011  INFO 25568 --- [   scheduling-1] c.w.n.service.NowPlayingService          : 切换歌曲为：有趣 - 单依纯 — 有趣 - Single
2025-08-23 01:45:28.011  INFO 25568 --- [   scheduling-1] c.w.n.service.NowPlayingService          : 当前平台为：Apple Music，借用网易云音乐搜索
2025-08-23 01:45:28.011  INFO 25568 --- [   scheduling-1] c.w.n.s.netease.NeteaseMusicService      : 获取网易云音乐歌曲信息..
2025-08-23 01:45:28.273  INFO 25568 --- [   scheduling-1] c.w.n.s.netease.NeteaseMusicService      : 获取成功
2025-08-23 01:45:29.009  INFO 25568 --- [   scheduling-1] c.w.n.service.NowPlayingService          : 切换歌曲为：有趣 - 单依纯 — 有趣 - Single
2025-08-23 01:45:29.009  INFO 25568 --- [   scheduling-1] c.w.n.service.NowPlayingService          : 当前平台为：Apple Music，借用网易云音乐搜索
2025-08-23 01:45:29.009  INFO 25568 --- [   scheduling-1] c.w.n.s.netease.NeteaseMusicService      : 获取网易云音乐歌曲信息..
2025-08-23 01:45:29.283  INFO 25568 --- [   scheduling-1] c.w.n.s.netease.NeteaseMusicService      : 获取成功
2025-08-23 01:45:30.009  INFO 25568 --- [   scheduling-1] c.w.n.service.NowPlayingService          : 切换歌曲为：有趣 - 单依纯 — 有趣 - Single
2025-08-23 01:45:30.009  INFO 25568 --- [   scheduling-1] c.w.n.service.NowPlayingService          : 当前平台为：Apple Music，借用网易云音乐搜索
2025-08-23 01:45:30.009  INFO 25568 --- [   scheduling-1] c.w.n.s.netease.NeteaseMusicService      : 获取网易云音乐歌曲信息..
2025-08-23 01:45:30.277  INFO 25568 --- [   scheduling-1] c.w.n.s.netease.NeteaseMusicService      : 获取成功
2025-08-23 01:45:31.002  INFO 25568 --- [   scheduling-1] c.w.n.service.NowPlayingService          : 切换歌曲为：有趣 - 单依纯 — 有趣 - Single
2025-08-23 01:45:31.002  INFO 25568 --- [   scheduling-1] c.w.n.service.NowPlayingService          : 当前平台为：Apple Music，借用网易云音乐搜索
2025-08-23 01:45:31.002  INFO 25568 --- [   scheduling-1] c.w.n.s.netease.NeteaseMusicService      : 获取网易云音乐歌曲信息..
2025-08-23 01:45:31.246  INFO 25568 --- [   scheduling-1] c.w.n.s.netease.NeteaseMusicService      : 获取成功
2025-08-23 01:45:32.013  INFO 25568 --- [   scheduling-1] c.w.n.service.NowPlayingService          : 切换歌曲为：有趣 - 单依纯 — 有趣 - Single
2025-08-23 01:45:32.013  INFO 25568 --- [   scheduling-1] c.w.n.service.NowPlayingService          : 当前平台为：Apple Music，借用网易云音乐搜索
2025-08-23 01:45:32.013  INFO 25568 --- [   scheduling-1] c.w.n.s.netease.NeteaseMusicService      : 获取网易云音乐歌曲信息..
2025-08-23 01:45:32.285  INFO 25568 --- [   scheduling-1] c.w.n.s.netease.NeteaseMusicService      : 获取成功
2025-08-23 01:45:33.000  INFO 25568 --- [   scheduling-1] c.w.n.service.NowPlayingService          : 切换歌曲为：有趣 - 单依纯 — 有趣 - Single
2025-08-23 01:45:33.000  INFO 25568 --- [   scheduling-1] c.w.n.service.NowPlayingService          : 当前平台为：Apple Music，借用网易云音乐搜索
2025-08-23 01:45:33.000  INFO 25568 --- [   scheduling-1] c.w.n.s.netease.NeteaseMusicService      : 获取网易云音乐歌曲信息..
2025-08-23 01:45:33.264  INFO 25568 --- [   scheduling-1] c.w.n.s.netease.NeteaseMusicService      : 获取成功
2025-08-23 01:45:34.009  INFO 25568 --- [   scheduling-1] c.w.n.service.NowPlayingService          : 切换歌曲为：有趣 - 单依纯 — 有趣 - Single
2025-08-23 01:45:34.009  INFO 25568 --- [   scheduling-1] c.w.n.service.NowPlayingService          : 当前平台为：Apple Music，借用网易云音乐搜索
2025-08-23 01:45:34.009  INFO 25568 --- [   scheduling-1] c.w.n.s.netease.NeteaseMusicService      : 获取网易云音乐歌曲信息..
2025-08-23 01:45:34.261  INFO 25568 --- [   scheduling-1] c.w.n.s.netease.NeteaseMusicService      : 获取成功
2025-08-23 01:45:35.006  INFO 25568 --- [   scheduling-1] c.w.n.service.NowPlayingService          : 切换歌曲为：有趣 - 单依纯 — 有趣 - Single
2025-08-23 01:45:35.006  INFO 25568 --- [   scheduling-1] c.w.n.service.NowPlayingService          : 当前平台为：Apple Music，借用网易云音乐搜索
2025-08-23 01:45:35.006  INFO 25568 --- [   scheduling-1] c.w.n.s.netease.NeteaseMusicService      : 获取网易云音乐歌曲信息..
2025-08-23 01:45:35.271  INFO 25568 --- [   scheduling-1] c.w.n.s.netease.NeteaseMusicService      : 获取成功
2025-08-23 01:45:36.001  INFO 25568 --- [   scheduling-1] c.w.n.service.NowPlayingService          : 切换歌曲为：有趣 - 单依纯 — 有趣 - Single
2025-08-23 01:45:36.001  INFO 25568 --- [   scheduling-1] c.w.n.service.NowPlayingService          : 当前平台为：Apple Music，借用网易云音乐搜索
2025-08-23 01:45:36.001  INFO 25568 --- [   scheduling-1] c.w.n.s.netease.NeteaseMusicService      : 获取网易云音乐歌曲信息..
2025-08-23 01:45:36.260  INFO 25568 --- [   scheduling-1] c.w.n.s.netease.NeteaseMusicService      : 获取成功
2025-08-23 01:45:37.001  INFO 25568 --- [   scheduling-1] c.w.n.service.NowPlayingService          : 切换歌曲为：有趣 - 单依纯 — 有趣 - Single
2025-08-23 01:45:37.001  INFO 25568 --- [   scheduling-1] c.w.n.service.NowPlayingService          : 当前平台为：Apple Music，借用网易云音乐搜索
2025-08-23 01:45:37.001  INFO 25568 --- [   scheduling-1] c.w.n.s.netease.NeteaseMusicService      : 获取网易云音乐歌曲信息..
2025-08-23 01:45:37.263  INFO 25568 --- [   scheduling-1] c.w.n.s.netease.NeteaseMusicService      : 获取成功
2025-08-23 01:45:38.016  INFO 25568 --- [   scheduling-1] c.w.n.service.NowPlayingService          : 切换歌曲为：有趣 - 单依纯 — 有趣 - Single
2025-08-23 01:45:38.016  INFO 25568 --- [   scheduling-1] c.w.n.service.NowPlayingService          : 当前平台为：Apple Music，借用网易云音乐搜索
2025-08-23 01:45:38.016  INFO 25568 --- [   scheduling-1] c.w.n.s.netease.NeteaseMusicService      : 获取网易云音乐歌曲信息..
2025-08-23 01:45:38.286  INFO 25568 --- [   scheduling-1] c.w.n.s.netease.NeteaseMusicService      : 获取成功
2025-08-23 01:45:39.005  INFO 25568 --- [   scheduling-1] c.w.n.service.NowPlayingService          : 切换歌曲为：有趣 - 单依纯 — 有趣 - Single
2025-08-23 01:45:39.005  INFO 25568 --- [   scheduling-1] c.w.n.service.NowPlayingService          : 当前平台为：Apple Music，借用网易云音乐搜索
2025-08-23 01:45:39.005  INFO 25568 --- [   scheduling-1] c.w.n.s.netease.NeteaseMusicService      : 获取网易云音乐歌曲信息..
2025-08-23 01:45:39.271  INFO 25568 --- [   scheduling-1] c.w.n.s.netease.NeteaseMusicService      : 获取成功
2025-08-23 01:45:40.002  INFO 25568 --- [   scheduling-1] c.w.n.service.NowPlayingService          : 切换歌曲为：有趣 - 单依纯 — 有趣 - Single
2025-08-23 01:45:40.002  INFO 25568 --- [   scheduling-1] c.w.n.service.NowPlayingService          : 当前平台为：Apple Music，借用网易云音乐搜索
2025-08-23 01:45:40.002  INFO 25568 --- [   scheduling-1] c.w.n.s.netease.NeteaseMusicService      : 获取网易云音乐歌曲信息..
2025-08-23 01:45:40.285  INFO 25568 --- [   scheduling-1] c.w.n.s.netease.NeteaseMusicService      : 获取成功
2025-08-23 01:45:41.007  INFO 25568 --- [   scheduling-1] c.w.n.service.NowPlayingService          : 切换歌曲为：有趣 - 单依纯 — 有趣 - Single
2025-08-23 01:45:41.007  INFO 25568 --- [   scheduling-1] c.w.n.service.NowPlayingService          : 当前平台为：Apple Music，借用网易云音乐搜索
2025-08-23 01:45:41.007  INFO 25568 --- [   scheduling-1] c.w.n.s.netease.NeteaseMusicService      : 获取网易云音乐歌曲信息..
2025-08-23 01:45:41.297  INFO 25568 --- [   scheduling-1] c.w.n.s.netease.NeteaseMusicService      : 获取成功
2025-08-23 01:45:42.004  INFO 25568 --- [   scheduling-1] c.w.n.service.NowPlayingService          : 切换歌曲为：有趣 - 单依纯 — 有趣 - Single
2025-08-23 01:45:42.004  INFO 25568 --- [   scheduling-1] c.w.n.service.NowPlayingService          : 当前平台为：Apple Music，借用网易云音乐搜索
2025-08-23 01:45:42.004  INFO 25568 --- [   scheduling-1] c.w.n.s.netease.NeteaseMusicService      : 获取网易云音乐歌曲信息..
2025-08-23 01:45:42.282  INFO 25568 --- [   scheduling-1] c.w.n.s.netease.NeteaseMusicService      : 获取成功
2025-08-23 01:45:43.003  INFO 25568 --- [   scheduling-1] c.w.n.service.NowPlayingService          : 切换歌曲为：有趣 - 单依纯 — 有趣 - Single
2025-08-23 01:45:43.003  INFO 25568 --- [   scheduling-1] c.w.n.service.NowPlayingService          : 当前平台为：Apple Music，借用网易云音乐搜索
2025-08-23 01:45:43.003  INFO 25568 --- [   scheduling-1] c.w.n.s.netease.NeteaseMusicService      : 获取网易云音乐歌曲信息..
2025-08-23 01:45:43.273  INFO 25568 --- [   scheduling-1] c.w.n.s.netease.NeteaseMusicService      : 获取成功
2025-08-23 01:45:44.012  INFO 25568 --- [   scheduling-1] c.w.n.service.NowPlayingService          : 切换歌曲为：有趣 - 单依纯 — 有趣 - Single
2025-08-23 01:45:44.012  INFO 25568 --- [   scheduling-1] c.w.n.service.NowPlayingService          : 当前平台为：Apple Music，借用网易云音乐搜索
2025-08-23 01:45:44.012  INFO 25568 --- [   scheduling-1] c.w.n.s.netease.NeteaseMusicService      : 获取网易云音乐歌曲信息..
2025-08-23 01:45:44.295  INFO 25568 --- [   scheduling-1] c.w.n.s.netease.NeteaseMusicService      : 获取成功
2025-08-23 01:45:45.003  INFO 25568 --- [   scheduling-1] c.w.n.service.NowPlayingService          : 切换歌曲为：有趣 - 单依纯 — 有趣 - Single
2025-08-23 01:45:45.003  INFO 25568 --- [   scheduling-1] c.w.n.service.NowPlayingService          : 当前平台为：Apple Music，借用网易云音乐搜索
2025-08-23 01:45:45.003  INFO 25568 --- [   scheduling-1] c.w.n.s.netease.NeteaseMusicService      : 获取网易云音乐歌曲信息..
2025-08-23 01:45:45.281  INFO 25568 --- [   scheduling-1] c.w.n.s.netease.NeteaseMusicService      : 获取成功
2025-08-23 01:45:46.009  INFO 25568 --- [   scheduling-1] c.w.n.service.NowPlayingService          : 切换歌曲为：有趣 - 单依纯 — 有趣 - Single
2025-08-23 01:45:46.009  INFO 25568 --- [   scheduling-1] c.w.n.service.NowPlayingService          : 当前平台为：Apple Music，借用网易云音乐搜索
2025-08-23 01:45:46.009  INFO 25568 --- [   scheduling-1] c.w.n.s.netease.NeteaseMusicService      : 获取网易云音乐歌曲信息..
2025-08-23 01:45:46.277  INFO 25568 --- [   scheduling-1] c.w.n.s.netease.NeteaseMusicService      : 获取成功
2025-08-23 01:45:47.006  INFO 25568 --- [   scheduling-1] c.w.n.service.NowPlayingService          : 切换歌曲为：有趣 - 单依纯 — 有趣 - Single
2025-08-23 01:45:47.006  INFO 25568 --- [   scheduling-1] c.w.n.service.NowPlayingService          : 当前平台为：Apple Music，借用网易云音乐搜索
2025-08-23 01:45:47.006  INFO 25568 --- [   scheduling-1] c.w.n.s.netease.NeteaseMusicService      : 获取网易云音乐歌曲信息..
2025-08-23 01:45:47.267  INFO 25568 --- [   scheduling-1] c.w.n.s.netease.NeteaseMusicService      : 获取成功
2025-08-23 01:45:48.009  INFO 25568 --- [   scheduling-1] c.w.n.service.NowPlayingService          : 切换歌曲为：有趣 - 单依纯 — 有趣 - Single
2025-08-23 01:45:48.009  INFO 25568 --- [   scheduling-1] c.w.n.service.NowPlayingService          : 当前平台为：Apple Music，借用网易云音乐搜索
2025-08-23 01:45:48.009  INFO 25568 --- [   scheduling-1] c.w.n.s.netease.NeteaseMusicService      : 获取网易云音乐歌曲信息..
2025-08-23 01:45:48.268  INFO 25568 --- [   scheduling-1] c.w.n.s.netease.NeteaseMusicService      : 获取成功
2025-08-23 01:45:49.002  INFO 25568 --- [   scheduling-1] c.w.n.service.NowPlayingService          : 切换歌曲为：有趣 - 单依纯 — 有趣 - Single
2025-08-23 01:45:49.002  INFO 25568 --- [   scheduling-1] c.w.n.service.NowPlayingService          : 当前平台为：Apple Music，借用网易云音乐搜索
2025-08-23 01:45:49.002  INFO 25568 --- [   scheduling-1] c.w.n.s.netease.NeteaseMusicService      : 获取网易云音乐歌曲信息..
2025-08-23 01:45:49.258  INFO 25568 --- [   scheduling-1] c.w.n.s.netease.NeteaseMusicService      : 获取成功
2025-08-23 01:45:50.004  INFO 25568 --- [   scheduling-1] c.w.n.service.NowPlayingService          : 切换歌曲为：有趣 - 单依纯 — 有趣 - Single
2025-08-23 01:45:50.004  INFO 25568 --- [   scheduling-1] c.w.n.service.NowPlayingService          : 当前平台为：Apple Music，借用网易云音乐搜索
2025-08-23 01:45:50.004  INFO 25568 --- [   scheduling-1] c.w.n.s.netease.NeteaseMusicService      : 获取网易云音乐歌曲信息..
2025-08-23 01:45:50.266  INFO 25568 --- [   scheduling-1] c.w.n.s.netease.NeteaseMusicService      : 获取成功
2025-08-23 01:45:51.003  INFO 25568 --- [   scheduling-1] c.w.n.service.NowPlayingService          : 切换歌曲为：有趣 - 单依纯 — 有趣 - Single
2025-08-23 01:45:51.003  INFO 25568 --- [   scheduling-1] c.w.n.service.NowPlayingService          : 当前平台为：Apple Music，借用网易云音乐搜索
2025-08-23 01:45:51.003  INFO 25568 --- [   scheduling-1] c.w.n.s.netease.NeteaseMusicService      : 获取网易云音乐歌曲信息..
2025-08-23 01:45:51.264  INFO 25568 --- [   scheduling-1] c.w.n.s.netease.NeteaseMusicService      : 获取成功
2025-08-23 01:45:52.002  INFO 25568 --- [   scheduling-1] c.w.n.service.NowPlayingService          : 切换歌曲为：有趣 - 单依纯 — 有趣 - Single
2025-08-23 01:45:52.002  INFO 25568 --- [   scheduling-1] c.w.n.service.NowPlayingService          : 当前平台为：Apple Music，借用网易云音乐搜索
2025-08-23 01:45:52.002  INFO 25568 --- [   scheduling-1] c.w.n.s.netease.NeteaseMusicService      : 获取网易云音乐歌曲信息..
2025-08-23 01:45:52.281  INFO 25568 --- [   scheduling-1] c.w.n.s.netease.NeteaseMusicService      : 获取成功
2025-08-23 01:45:53.001  INFO 25568 --- [   scheduling-1] c.w.n.service.NowPlayingService          : 切换歌曲为：有趣 - 单依纯 — 有趣 - Single
2025-08-23 01:45:53.001  INFO 25568 --- [   scheduling-1] c.w.n.service.NowPlayingService          : 当前平台为：Apple Music，借用网易云音乐搜索
2025-08-23 01:45:53.001  INFO 25568 --- [   scheduling-1] c.w.n.s.netease.NeteaseMusicService      : 获取网易云音乐歌曲信息..
2025-08-23 01:45:53.260  INFO 25568 --- [   scheduling-1] c.w.n.s.netease.NeteaseMusicService      : 获取成功
2025-08-23 01:45:54.012  INFO 25568 --- [   scheduling-1] c.w.n.service.NowPlayingService          : 切换歌曲为：有趣 - 单依纯 — 有趣 - Single
2025-08-23 01:45:54.012  INFO 25568 --- [   scheduling-1] c.w.n.service.NowPlayingService          : 当前平台为：Apple Music，借用网易云音乐搜索
2025-08-23 01:45:54.012  INFO 25568 --- [   scheduling-1] c.w.n.s.netease.NeteaseMusicService      : 获取网易云音乐歌曲信息..
2025-08-23 01:45:54.295  INFO 25568 --- [   scheduling-1] c.w.n.s.netease.NeteaseMusicService      : 获取成功
2025-08-23 01:45:55.007  INFO 25568 --- [   scheduling-1] c.w.n.service.NowPlayingService          : 切换歌曲为：有趣 - 单依纯 — 有趣 - Single
2025-08-23 01:45:55.007  INFO 25568 --- [   scheduling-1] c.w.n.service.NowPlayingService          : 当前平台为：Apple Music，借用网易云音乐搜索
2025-08-23 01:45:55.007  INFO 25568 --- [   scheduling-1] c.w.n.s.netease.NeteaseMusicService      : 获取网易云音乐歌曲信息..
2025-08-23 01:45:55.280  INFO 25568 --- [   scheduling-1] c.w.n.s.netease.NeteaseMusicService      : 获取成功
2025-08-23 01:45:56.013  INFO 25568 --- [   scheduling-1] c.w.n.service.NowPlayingService          : 切换歌曲为：有趣 - 单依纯 — 有趣 - Single
2025-08-23 01:45:56.013  INFO 25568 --- [   scheduling-1] c.w.n.service.NowPlayingService          : 当前平台为：Apple Music，借用网易云音乐搜索
2025-08-23 01:45:56.013  INFO 25568 --- [   scheduling-1] c.w.n.s.netease.NeteaseMusicService      : 获取网易云音乐歌曲信息..
2025-08-23 01:45:56.266  INFO 25568 --- [   scheduling-1] c.w.n.s.netease.NeteaseMusicService      : 获取成功
2025-08-23 01:45:57.013  INFO 25568 --- [   scheduling-1] c.w.n.service.NowPlayingService          : 切换歌曲为：有趣 - 单依纯 — 有趣 - Single
2025-08-23 01:45:57.013  INFO 25568 --- [   scheduling-1] c.w.n.service.NowPlayingService          : 当前平台为：Apple Music，借用网易云音乐搜索
2025-08-23 01:45:57.013  INFO 25568 --- [   scheduling-1] c.w.n.s.netease.NeteaseMusicService      : 获取网易云音乐歌曲信息..
2025-08-23 01:45:57.289  INFO 25568 --- [   scheduling-1] c.w.n.s.netease.NeteaseMusicService      : 获取成功
2025-08-23 01:45:58.007  INFO 25568 --- [   scheduling-1] c.w.n.service.NowPlayingService          : 切换歌曲为：有趣 - 单依纯 — 有趣 - Single
2025-08-23 01:45:58.007  INFO 25568 --- [   scheduling-1] c.w.n.service.NowPlayingService          : 当前平台为：Apple Music，借用网易云音乐搜索
2025-08-23 01:45:58.007  INFO 25568 --- [   scheduling-1] c.w.n.s.netease.NeteaseMusicService      : 获取网易云音乐歌曲信息..
2025-08-23 01:45:58.283  INFO 25568 --- [   scheduling-1] c.w.n.s.netease.NeteaseMusicService      : 获取成功
2025-08-23 01:45:59.008  INFO 25568 --- [   scheduling-1] c.w.n.service.NowPlayingService          : 切换歌曲为：有趣 - 单依纯 — 有趣 - Single
2025-08-23 01:45:59.008  INFO 25568 --- [   scheduling-1] c.w.n.service.NowPlayingService          : 当前平台为：Apple Music，借用网易云音乐搜索
2025-08-23 01:45:59.008  INFO 25568 --- [   scheduling-1] c.w.n.s.netease.NeteaseMusicService      : 获取网易云音乐歌曲信息..
2025-08-23 01:45:59.260  INFO 25568 --- [   scheduling-1] c.w.n.s.netease.NeteaseMusicService      : 获取成功
2025-08-23 01:46:00.005  INFO 25568 --- [   scheduling-1] c.w.n.service.NowPlayingService          : 切换歌曲为：有趣 - 单依纯 — 有趣 - Single
2025-08-23 01:46:00.005  INFO 25568 --- [   scheduling-1] c.w.n.service.NowPlayingService          : 当前平台为：Apple Music，借用网易云音乐搜索
2025-08-23 01:46:00.005  INFO 25568 --- [   scheduling-1] c.w.n.s.netease.NeteaseMusicService      : 获取网易云音乐歌曲信息..
2025-08-23 01:46:00.255  INFO 25568 --- [   scheduling-1] c.w.n.s.netease.NeteaseMusicService      : 获取成功
2025-08-23 01:46:01.006  INFO 25568 --- [   scheduling-1] c.w.n.service.NowPlayingService          : 切换歌曲为：有趣 - 单依纯 — 有趣 - Single
2025-08-23 01:46:01.006  INFO 25568 --- [   scheduling-1] c.w.n.service.NowPlayingService          : 当前平台为：Apple Music，借用网易云音乐搜索
2025-08-23 01:46:01.006  INFO 25568 --- [   scheduling-1] c.w.n.s.netease.NeteaseMusicService      : 获取网易云音乐歌曲信息..
2025-08-23 01:46:01.275  INFO 25568 --- [   scheduling-1] c.w.n.s.netease.NeteaseMusicService      : 获取成功
2025-08-23 01:46:02.013  INFO 25568 --- [   scheduling-1] c.w.n.service.NowPlayingService          : 切换歌曲为：有趣 - 单依纯 — 有趣 - Single
2025-08-23 01:46:02.013  INFO 25568 --- [   scheduling-1] c.w.n.service.NowPlayingService          : 当前平台为：Apple Music，借用网易云音乐搜索
2025-08-23 01:46:02.013  INFO 25568 --- [   scheduling-1] c.w.n.s.netease.NeteaseMusicService      : 获取网易云音乐歌曲信息..
2025-08-23 01:46:02.275  INFO 25568 --- [   scheduling-1] c.w.n.s.netease.NeteaseMusicService      : 获取成功
2025-08-23 01:46:03.016  INFO 25568 --- [   scheduling-1] c.w.n.service.NowPlayingService          : 切换歌曲为：有趣 - 单依纯 — 有趣 - Single
2025-08-23 01:46:03.016  INFO 25568 --- [   scheduling-1] c.w.n.service.NowPlayingService          : 当前平台为：Apple Music，借用网易云音乐搜索
2025-08-23 01:46:03.016  INFO 25568 --- [   scheduling-1] c.w.n.s.netease.NeteaseMusicService      : 获取网易云音乐歌曲信息..
2025-08-23 01:46:03.280  INFO 25568 --- [   scheduling-1] c.w.n.s.netease.NeteaseMusicService      : 获取成功
2025-08-23 01:46:04.015  INFO 25568 --- [   scheduling-1] c.w.n.service.NowPlayingService          : 切换歌曲为：有趣 - 单依纯 — 有趣 - Single
2025-08-23 01:46:04.015  INFO 25568 --- [   scheduling-1] c.w.n.service.NowPlayingService          : 当前平台为：Apple Music，借用网易云音乐搜索
2025-08-23 01:46:04.015  INFO 25568 --- [   scheduling-1] c.w.n.s.netease.NeteaseMusicService      : 获取网易云音乐歌曲信息..
2025-08-23 01:46:04.284  INFO 25568 --- [   scheduling-1] c.w.n.s.netease.NeteaseMusicService      : 获取成功
2025-08-23 01:46:05.002  INFO 25568 --- [   scheduling-1] c.w.n.service.NowPlayingService          : 切换歌曲为：有趣 - 单依纯 — 有趣 - Single
2025-08-23 01:46:05.002  INFO 25568 --- [   scheduling-1] c.w.n.service.NowPlayingService          : 当前平台为：Apple Music，借用网易云音乐搜索
2025-08-23 01:46:05.002  INFO 25568 --- [   scheduling-1] c.w.n.s.netease.NeteaseMusicService      : 获取网易云音乐歌曲信息..
2025-08-23 01:46:05.278  INFO 25568 --- [   scheduling-1] c.w.n.s.netease.NeteaseMusicService      : 获取成功
2025-08-23 01:46:06.004  INFO 25568 --- [   scheduling-1] c.w.n.service.NowPlayingService          : 切换歌曲为：有趣 - 单依纯 — 有趣 - Single
2025-08-23 01:46:06.004  INFO 25568 --- [   scheduling-1] c.w.n.service.NowPlayingService          : 当前平台为：Apple Music，借用网易云音乐搜索
2025-08-23 01:46:06.004  INFO 25568 --- [   scheduling-1] c.w.n.s.netease.NeteaseMusicService      : 获取网易云音乐歌曲信息..
2025-08-23 01:46:06.346  INFO 25568 --- [   scheduling-1] c.w.n.s.netease.NeteaseMusicService      : 获取成功
2025-08-23 01:46:48.797  INFO 25568 --- [nio-9863-exec-9] c.w.n.s.netease.NeteaseMusicService      : 获取网易云音乐歌曲信息..
2025-08-23 01:46:49.086  INFO 25568 --- [nio-9863-exec-9] c.w.n.s.netease.NeteaseMusicService      : 获取成功
2025-08-23 01:46:49.086  INFO 25568 --- [nio-9863-exec-9] c.w.n.s.netease.NeteaseMusicService      : 从网易云音乐获取歌词..
2025-08-23 01:46:49.213  INFO 25568 --- [nio-9863-exec-9] c.w.n.s.netease.NeteaseMusicService      : 获取成功
2025-08-23 01:47:01.344  INFO 25568 --- [nio-9863-exec-7] c.w.nowplaying.service.SettingsService   : 修改通用设置成功
2025-08-23 01:47:01.344  INFO 25568 --- [nio-9863-exec-7] c.w.nowplaying.service.AudioService      : 终止 C# 进程读取音乐状态
2025-08-23 01:47:01.346  INFO 25568 --- [nio-9863-exec-7] c.w.nowplaying.service.AudioService      : 启动 C# 进程读取音乐状态
2025-08-23 01:47:22.312  INFO 25568 --- [nio-9863-exec-1] c.w.nowplaying.service.ProfileService    : 成功将配置文件 Main 的属性 hide_equalizer 修改为 true
2025-08-23 01:47:23.771  INFO 25568 --- [nio-9863-exec-3] c.w.nowplaying.service.ProfileService    : 成功将配置文件 Main 的属性 hide_equalizer 修改为 false
2025-08-23 01:47:27.794  INFO 25568 --- [nio-9863-exec-9] c.w.nowplaying.service.ProfileService    : 成功将配置文件 Main 的属性 hide_equalizer 修改为 true
2025-08-23 01:47:30.034  INFO 25568 --- [nio-9863-exec-5] c.w.nowplaying.service.ProfileService    : 成功将配置文件 Main 的属性 hide_equalizer 修改为 false
2025-08-23 01:47:31.775  INFO 25568 --- [nio-9863-exec-1] c.w.nowplaying.service.ProfileService    : 成功将配置文件 Main 的属性 hide_equalizer 修改为 true
2025-08-23 01:47:34.404  INFO 25568 --- [nio-9863-exec-2] c.w.nowplaying.service.ProfileService    : 成功将配置文件 Main 的属性 hide_equalizer 修改为 false
